abr 08, 2024 9:12:14 P. M. co.uniquindio.plataforma.modelo.PlataformaServidor <init>
INFO: Se crea una nueva instancia de la Plataforma
abr 08, 2024 9:31:52 P. M. co.uniquindio.plataforma.modelo.PlataformaServidor <init>
INFO: Se crea una nueva instancia de la Plataforma
abr 08, 2024 9:39:23 P. M. co.uniquindio.plataforma.modelo.PlataformaServidor <init>
INFO: Se crea una nueva instancia de la Plataforma
abr 08, 2024 9:41:26 P. M. co.uniquindio.plataforma.modelo.PlataformaServidor <init>
INFO: Se crea una nueva instancia de la Plataforma
abr 08, 2024 9:51:11 P. M. co.uniquindio.plataforma.modelo.PlataformaServidor <init>
INFO: Se crea una nueva instancia de la Plataforma
abr 08, 2024 9:59:42 P. M. co.uniquindio.plataforma.modelo.PlataformaServidor <init>
INFO: Se crea una nueva instancia de la Plataforma
abr 08, 2024 10:26:31 P. M. co.uniquindio.plataforma.modelo.PlataformaServidor <init>
INFO: Se crea una nueva instancia de la Plataforma
abr 08, 2024 10:32:17 P. M. co.uniquindio.plataforma.modelo.PlataformaServidor <init>
INFO: Se crea una nueva instancia de la Plataforma
abr 08, 2024 10:38:51 P. M. co.uniquindio.plataforma.modelo.PlataformaServidor <init>
INFO: Se crea una nueva instancia de la Plataforma
abr 08, 2024 10:42:30 P. M. co.uniquindio.plataforma.modelo.PlataformaServidor <init>
INFO: Se crea una nueva instancia de la Plataforma
abr 08, 2024 10:48:30 P. M. co.uniquindio.plataforma.modelo.PlataformaServidor <init>
INFO: Se crea una nueva instancia de la Plataforma
abr 08, 2024 10:58:50 P. M. co.uniquindio.plataforma.modelo.PlataformaServidor <init>
INFO: Se crea una nueva instancia de la Plataforma
abr 08, 2024 11:01:02 P. M. co.uniquindio.plataforma.modelo.PlataformaServidor agregarNoticia
INFO: Se ha registrado una nueva noticia
abr 08, 2024 11:04:08 P. M. co.uniquindio.plataforma.modelo.PlataformaServidor <init>
INFO: Se crea una nueva instancia de la Plataforma
abr 08, 2024 11:05:17 P. M. co.uniquindio.plataforma.modelo.PlataformaServidor agregarNoticia
INFO: Se ha registrado una nueva noticia
abr 08, 2024 11:08:12 P. M. co.uniquindio.plataforma.modelo.PlataformaServidor agregarNoticia
INFO: Se ha registrado una nueva noticia
abr 08, 2024 11:17:39 P. M. co.uniquindio.plataforma.modelo.PlataformaServidor <init>
INFO: Se crea una nueva instancia de la Plataforma
abr 08, 2024 11:19:14 P. M. co.uniquindio.plataforma.modelo.PlataformaServidor agregarNoticia
INFO: Se ha registrado una nueva noticia
abr 10, 2024 11:30:10 A. M. co.uniquindio.plataforma.modelo.PlataformaServidor <init>
INFO: Se crea una nueva instancia de la Plataforma
abr 10, 2024 11:31:57 A. M. co.uniquindio.plataforma.modelo.PlataformaServidor agregarNoticia
INFO: Se ha registrado una nueva noticia
abr 11, 2024 11:19:51 P. M. co.uniquindio.plataforma.modelo.PlataformaServidor <init>
INFO: Se crea una nueva instancia de la Plataforma
abr 11, 2024 11:26:41 P. M. co.uniquindio.plataforma.modelo.PlataformaServidor <init>
INFO: Se crea una nueva instancia de la Plataforma
abr 11, 2024 11:31:07 P. M. co.uniquindio.plataforma.modelo.PlataformaServidor <init>
INFO: Se crea una nueva instancia de la Plataforma
abr 11, 2024 11:34:20 P. M. co.uniquindio.plataforma.modelo.PlataformaServidor <init>
INFO: Se crea una nueva instancia de la Plataforma
abr 11, 2024 11:35:21 P. M. co.uniquindio.plataforma.modelo.PlataformaServidor agregarCliente
INFO: Se ha registrado un nuevo cliente con el nombre: Hulbert Alejandro
abr 11, 2024 11:39:31 P. M. co.uniquindio.plataforma.modelo.PlataformaServidor <init>
INFO: Se crea una nueva instancia de la Plataforma
abr 11, 2024 11:41:12 P. M. co.uniquindio.plataforma.modelo.PlataformaServidor agregarCliente
INFO: Se ha registrado un nuevo cliente con el nombre: Hulbert Alejandro
abr 11, 2024 11:42:17 P. M. co.uniquindio.plataforma.modelo.PlataformaServidor agregarCliente
INFO: Se ha registrado un nuevo cliente con el nombre: Isabella Garcia
abr 11, 2024 11:42:41 P. M. co.uniquindio.plataforma.modelo.PlataformaServidor agregarCliente
INFO: Se ha registrado un nuevo cliente con el nombre: Ana Velez
abr 13, 2024 1:58:16 P. M. co.uniquindio.plataforma.modelo.PlataformaServidor <init>
INFO: Se crea una nueva instancia de la Plataforma
abr 13, 2024 2:02:27 P. M. co.uniquindio.plataforma.modelo.PlataformaServidor <init>
INFO: Se crea una nueva instancia de la Plataforma
abr 13, 2024 2:05:47 P. M. co.uniquindio.plataforma.modelo.PlataformaServidor <init>
INFO: Se crea una nueva instancia de la Plataforma
abr 13, 2024 2:11:58 P. M. co.uniquindio.plataforma.modelo.PlataformaServidor <init>
INFO: Se crea una nueva instancia de la Plataforma
abr 13, 2024 2:13:18 P. M. co.uniquindio.plataforma.modelo.PlataformaServidor agregarCliente
INFO: Se ha registrado un nuevo cliente con el nombre: Hulbert Alejandro
abr 13, 2024 2:15:18 P. M. co.uniquindio.plataforma.modelo.PlataformaServidor <init>
INFO: Se crea una nueva instancia de la Plataforma
abr 13, 2024 2:17:59 P. M. co.uniquindio.plataforma.modelo.PlataformaServidor <init>
INFO: Se crea una nueva instancia de la Plataforma
abr 13, 2024 2:19:06 P. M. co.uniquindio.plataforma.modelo.PlataformaServidor agregarCliente
INFO: Se ha registrado un nuevo cliente con el nombre: Hulbert Alejandro
abr 13, 2024 2:19:42 P. M. co.uniquindio.plataforma.modelo.PlataformaServidor <init>
INFO: Se crea una nueva instancia de la Plataforma
abr 13, 2024 2:20:37 P. M. co.uniquindio.plataforma.modelo.PlataformaServidor agregarCliente
INFO: Se ha registrado un nuevo cliente con el nombre: Hulbert Alejandro
abr 13, 2024 3:09:05 P. M. co.uniquindio.plataforma.modelo.PlataformaServidor <init>
INFO: Se crea una nueva instancia de la Plataforma
abr 13, 2024 3:12:28 P. M. co.uniquindio.plataforma.modelo.PlataformaServidor agregarNoticia
INFO: Se ha registrado una nueva noticia
abr 13, 2024 3:13:30 P. M. co.uniquindio.plataforma.modelo.PlataformaServidor <init>
INFO: Se crea una nueva instancia de la Plataforma
abr 13, 2024 3:23:35 P. M. co.uniquindio.plataforma.modelo.PlataformaServidor agregarCliente
INFO: Se ha registrado un nuevo cliente con el nombre: Hulbert Alejandro
abr 13, 2024 3:35:32 P. M. co.uniquindio.plataforma.modelo.PlataformaServidor <init>
INFO: Se crea una nueva instancia de la Plataforma
abr 13, 2024 6:06:40 P. M. co.uniquindio.plataforma.modelo.PlataformaServidor <init>
INFO: Se crea una nueva instancia de la Plataforma
abr 13, 2024 6:09:40 P. M. co.uniquindio.plataforma.modelo.PlataformaServidor agregarCliente
INFO: Se ha registrado un nuevo cliente con el nombre: Hulbert Alejandro
abr 13, 2024 6:16:44 P. M. co.uniquindio.plataforma.modelo.PlataformaServidor <init>
INFO: Se crea una nueva instancia de la Plataforma
abr 13, 2024 6:21:52 P. M. co.uniquindio.plataforma.modelo.PlataformaServidor <init>
INFO: Se crea una nueva instancia de la Plataforma
abr 13, 2024 6:29:39 P. M. co.uniquindio.plataforma.modelo.PlataformaServidor <init>
INFO: Se crea una nueva instancia de la Plataforma
abr 13, 2024 6:30:54 P. M. co.uniquindio.plataforma.modelo.PlataformaServidor agregarCliente
INFO: Se ha registrado un nuevo cliente con el nombre: Hulbert Alejandro
abr 13, 2024 6:40:52 P. M. co.uniquindio.plataforma.modelo.PlataformaServidor <init>
INFO: Se crea una nueva instancia de la Plataforma
abr 13, 2024 8:25:30 P. M. co.uniquindio.plataforma.modelo.PlataformaServidor <init>
INFO: Se crea una nueva instancia de la Plataforma
abr 13, 2024 8:44:35 P. M. co.uniquindio.plataforma.modelo.PlataformaServidor <init>
INFO: Se crea una nueva instancia de la Plataforma
abr 13, 2024 8:48:25 P. M. co.uniquindio.plataforma.modelo.PlataformaServidor agregarCliente
INFO: Se ha registrado un nuevo cliente con el nombre: Isabella Garcia
abr 13, 2024 8:51:22 P. M. co.uniquindio.plataforma.modelo.PlataformaServidor agregarNoticia
INFO: Se ha registrado una nueva noticia
abr 14, 2024 4:59:16 P. M. co.uniquindio.plataforma.modelo.PlataformaServidor <init>
INFO: Se crea una nueva instancia de la Plataforma
abr 14, 2024 5:08:22 P. M. co.uniquindio.plataforma.modelo.PlataformaServidor agregarCliente
INFO: Se ha registrado un nuevo cliente con el nombre: Julian Ladino
abr 16, 2024 8:59:30 P. M. co.uniquindio.plataforma.modelo.PlataformaServidor <init>
INFO: Se crea una nueva instancia de la Plataforma
abr 16, 2024 9:02:36 P. M. co.uniquindio.plataforma.modelo.PlataformaServidor agregarSocioPublicador
INFO: Se ha registrado un nuevo socio/publicador con el nombre: Mauricio Rios
abr 16, 2024 9:15:03 P. M. co.uniquindio.plataforma.modelo.PlataformaServidor <init>
INFO: Se crea una nueva instancia de la Plataforma
abr 16, 2024 9:23:47 P. M. co.uniquindio.plataforma.modelo.PlataformaServidor <init>
INFO: Se crea una nueva instancia de la Plataforma
abr 16, 2024 9:39:14 P. M. co.uniquindio.plataforma.modelo.PlataformaServidor <init>
INFO: Se crea una nueva instancia de la Plataforma
abr 16, 2024 9:49:23 P. M. co.uniquindio.plataforma.modelo.PlataformaServidor <init>
INFO: Se crea una nueva instancia de la Plataforma
abr 16, 2024 9:56:59 P. M. co.uniquindio.plataforma.modelo.PlataformaServidor <init>
INFO: Se crea una nueva instancia de la Plataforma
abr 16, 2024 10:04:03 P. M. co.uniquindio.plataforma.modelo.PlataformaServidor <init>
INFO: Se crea una nueva instancia de la Plataforma
abr 16, 2024 10:13:12 P. M. co.uniquindio.plataforma.modelo.PlataformaServidor <init>
INFO: Se crea una nueva instancia de la Plataforma
abr 16, 2024 10:18:50 P. M. co.uniquindio.plataforma.modelo.PlataformaServidor <init>
INFO: Se crea una nueva instancia de la Plataforma
abr 16, 2024 10:20:52 P. M. co.uniquindio.plataforma.modelo.PlataformaServidor agregarSocioPublicador
INFO: Se ha registrado un nuevo socio/publicador con el nombre: Julian Ladino
abr 17, 2024 9:19:19 A. M. co.uniquindio.plataforma.modelo.PlataformaServidor <init>
INFO: Se crea una nueva instancia de la Plataforma
abr 17, 2024 9:21:02 A. M. co.uniquindio.plataforma.modelo.PlataformaServidor agregarSocioPublicador
INFO: Se ha registrado un nuevo socio/publicador con el nombre: Nestor Castelblanco
abr 20, 2024 3:24:44 P. M. co.uniquindio.plataforma.modelo.PlataformaServidor <init>
INFO: Se crea una nueva instancia de la Plataforma
abr 20, 2024 4:01:01 P. M. co.uniquindio.plataforma.modelo.PlataformaServidor <init>
INFO: Se crea una nueva instancia de la Plataforma
abr 20, 2024 4:05:36 P. M. co.uniquindio.plataforma.modelo.PlataformaServidor agregarNoticia
INFO: Se ha registrado una nueva noticia
abr 20, 2024 4:06:45 P. M. co.uniquindio.plataforma.modelo.PlataformaServidor <init>
INFO: Se crea una nueva instancia de la Plataforma
abr 20, 2024 4:35:53 P. M. co.uniquindio.plataforma.modelo.PlataformaServidor <init>
INFO: Se crea una nueva instancia de la Plataforma
abr 20, 2024 4:39:57 P. M. co.uniquindio.plataforma.modelo.PlataformaServidor agregarSocioPublicador
INFO: Se ha registrado un nuevo socio/publicador con el nombre: Mauricio Rios
abr 20, 2024 4:40:11 P. M. co.uniquindio.plataforma.modelo.PlataformaServidor agregarSocioPublicador
INFO: Se ha registrado un nuevo socio/publicador con el nombre: Julian Ladino
abr 20, 2024 4:42:11 P. M. co.uniquindio.plataforma.modelo.PlataformaServidor agregarNoticia
INFO: Se ha registrado una nueva noticia
abr 20, 2024 4:52:32 P. M. co.uniquindio.plataforma.modelo.PlataformaServidor <init>
INFO: Se crea una nueva instancia de la Plataforma
abr 20, 2024 4:55:28 P. M. co.uniquindio.plataforma.modelo.PlataformaServidor agregarSocioPublicador
INFO: Se ha registrado un nuevo socio/publicador con el nombre: Mauricio Rios
abr 20, 2024 4:55:41 P. M. co.uniquindio.plataforma.modelo.PlataformaServidor agregarSocioPublicador
INFO: Se ha registrado un nuevo socio/publicador con el nombre: Julian Ladino
abr 20, 2024 4:56:37 P. M. co.uniquindio.plataforma.modelo.PlataformaServidor agregarNoticia
INFO: Se ha registrado una nueva noticia
abr 20, 2024 4:58:48 P. M. co.uniquindio.plataforma.modelo.PlataformaServidor <init>
INFO: Se crea una nueva instancia de la Plataforma
abr 20, 2024 4:59:57 P. M. co.uniquindio.plataforma.modelo.PlataformaServidor agregarNoticia
INFO: Se ha registrado una nueva noticia
abr 20, 2024 5:54:23 P. M. co.uniquindio.plataforma.modelo.PlataformaServidor <init>
INFO: Se crea una nueva instancia de la Plataforma
abr 20, 2024 5:56:35 P. M. co.uniquindio.plataforma.modelo.PlataformaServidor agregarSocioPublicador
INFO: Se ha registrado un nuevo socio/publicador con el nombre: Mauricio Rios
abr 20, 2024 5:56:46 P. M. co.uniquindio.plataforma.modelo.PlataformaServidor agregarSocioPublicador
INFO: Se ha registrado un nuevo socio/publicador con el nombre: Julian Ladino
abr 20, 2024 6:00:52 P. M. co.uniquindio.plataforma.modelo.PlataformaServidor agregarNoticia
INFO: Se ha registrado una nueva noticia
abr 20, 2024 6:05:34 P. M. co.uniquindio.plataforma.modelo.PlataformaServidor <init>
INFO: Se crea una nueva instancia de la Plataforma
abr 20, 2024 6:07:56 P. M. co.uniquindio.plataforma.modelo.PlataformaServidor agregarNoticia
INFO: Se ha registrado una nueva noticia
abr 20, 2024 6:20:45 P. M. co.uniquindio.plataforma.modelo.PlataformaServidor <init>
INFO: Se crea una nueva instancia de la Plataforma
abr 20, 2024 6:25:54 P. M. co.uniquindio.plataforma.modelo.PlataformaServidor agregarNoticia
INFO: Se ha registrado una nueva noticia
abr 20, 2024 6:28:17 P. M. co.uniquindio.plataforma.modelo.PlataformaServidor agregarNoticia
INFO: Se ha registrado una nueva noticia
abr 20, 2024 6:36:19 P. M. co.uniquindio.plataforma.modelo.PlataformaServidor <init>
INFO: Se crea una nueva instancia de la Plataforma
abr 20, 2024 6:38:06 P. M. co.uniquindio.plataforma.modelo.PlataformaServidor agregarSocioPublicador
INFO: Se ha registrado un nuevo socio/publicador con el nombre: Mauricio Rios
abr 20, 2024 6:38:17 P. M. co.uniquindio.plataforma.modelo.PlataformaServidor agregarSocioPublicador
INFO: Se ha registrado un nuevo socio/publicador con el nombre: Julian Ladino
abr 20, 2024 6:38:41 P. M. co.uniquindio.plataforma.modelo.PlataformaServidor <init>
INFO: Se crea una nueva instancia de la Plataforma
abr 20, 2024 6:39:34 P. M. co.uniquindio.plataforma.modelo.PlataformaServidor agregarNoticia
INFO: Se ha registrado una nueva noticia
abr 20, 2024 6:42:06 P. M. co.uniquindio.plataforma.modelo.PlataformaServidor <init>
INFO: Se crea una nueva instancia de la Plataforma
abr 20, 2024 6:44:34 P. M. co.uniquindio.plataforma.modelo.PlataformaServidor agregarNoticia
INFO: Se ha registrado una nueva noticia
abr 24, 2024 10:35:02 A. M. co.uniquindio.plataforma.modelo.PlataformaServidor <init>
INFO: Se crea una nueva instancia de la Plataforma
abr 24, 2024 10:36:10 A. M. co.uniquindio.plataforma.modelo.PlataformaServidor <init>
INFO: Se crea una nueva instancia de la Plataforma
abr 24, 2024 10:38:01 A. M. co.uniquindio.plataforma.modelo.PlataformaServidor agregarCliente
INFO: Se ha registrado un nuevo cliente con el nombre: Julian Ladino
abr 24, 2024 10:38:38 A. M. co.uniquindio.plataforma.modelo.PlataformaServidor agregarSocioPublicador
INFO: Se ha registrado un nuevo socio/publicador con el nombre: Mauricio Rios
abr 24, 2024 10:39:44 A. M. co.uniquindio.plataforma.modelo.PlataformaServidor agregarNoticia
INFO: Se ha registrado una nueva noticia
abr 28, 2024 5:52:15 P. M. co.uniquindio.plataforma.modelo.PlataformaServidor <init>
INFO: Se crea una nueva instancia de la Plataforma
abr 28, 2024 5:56:02 P. M. co.uniquindio.plataforma.modelo.PlataformaServidor agregarCliente
INFO: Se ha registrado un nuevo cliente con el nombre: Alejandro Arango
abr 28, 2024 5:56:13 P. M. co.uniquindio.plataforma.modelo.PlataformaServidor agregarCliente
INFO: Se ha registrado un nuevo cliente con el nombre: Ana Velez
abr 28, 2024 5:56:35 P. M. co.uniquindio.plataforma.modelo.PlataformaServidor agregarSocioPublicador
INFO: Se ha registrado un nuevo socio/publicador con el nombre: Mauricio Rios
abr 28, 2024 5:56:48 P. M. co.uniquindio.plataforma.modelo.PlataformaServidor agregarSocioPublicador
INFO: Se ha registrado un nuevo socio/publicador con el nombre: Isabella Garcia
abr 28, 2024 5:57:29 P. M. co.uniquindio.plataforma.modelo.PlataformaServidor agregarNoticia
INFO: Se ha registrado una nueva noticia
abr 28, 2024 5:58:03 P. M. co.uniquindio.plataforma.modelo.PlataformaServidor agregarNoticia
INFO: Se ha registrado una nueva noticia
abr 28, 2024 6:01:00 P. M. co.uniquindio.plataforma.modelo.PlataformaServidor <init>
INFO: Se crea una nueva instancia de la Plataforma
abr 28, 2024 6:10:20 P. M. co.uniquindio.plataforma.modelo.PlataformaServidor <init>
INFO: Se crea una nueva instancia de la Plataforma
abr 28, 2024 6:24:15 P. M. co.uniquindio.plataforma.modelo.PlataformaServidor <init>
INFO: Se crea una nueva instancia de la Plataforma
may 05, 2024 10:52:58 A. M. co.uniquindio.plataforma.modelo.PlataformaServidor <init>
INFO: Se crea una nueva instancia de la Plataforma
may 05, 2024 10:55:16 A. M. co.uniquindio.plataforma.modelo.PlataformaServidor agregarCliente
INFO: Se ha registrado un nuevo cliente con el nombre: Juan Esteban
may 05, 2024 10:55:51 A. M. co.uniquindio.plataforma.modelo.PlataformaServidor agregarSocioPublicador
INFO: Se ha registrado un nuevo socio/publicador con el nombre: Mauricio Rios
may 05, 2024 10:56:25 A. M. co.uniquindio.plataforma.modelo.PlataformaServidor agregarNoticia
INFO: Se ha registrado una nueva noticia
may 05, 2024 3:13:03 P. M. co.uniquindio.plataforma.modelo.PlataformaServidor <init>
INFO: Se crea una nueva instancia de la Plataforma
may 05, 2024 3:13:41 P. M. co.uniquindio.plataforma.modelo.PlataformaServidor <init>
INFO: Se crea una nueva instancia de la Plataforma
may 05, 2024 3:15:49 P. M. co.uniquindio.plataforma.modelo.PlataformaServidor agregarCliente
INFO: Se ha registrado un nuevo cliente con el nombre: Isa Garcia
may 05, 2024 3:16:09 P. M. co.uniquindio.plataforma.modelo.PlataformaServidor agregarSocioPublicador
INFO: Se ha registrado un nuevo socio/publicador con el nombre: Mauricio Rios
may 05, 2024 3:16:54 P. M. co.uniquindio.plataforma.modelo.PlataformaServidor agregarNoticia
INFO: Se ha registrado una nueva noticia
may 17, 2024 4:47:01 P. M. co.uniquindio.plataforma.modelo.PlataformaServidor <init>
INFO: Se crea una nueva instancia de la Plataforma
may 17, 2024 4:50:42 P. M. co.uniquindio.plataforma.modelo.PlataformaServidor agregarCliente
INFO: Se ha registrado un nuevo cliente con el nombre: Alejandro
may 17, 2024 4:51:05 P. M. co.uniquindio.plataforma.modelo.PlataformaServidor agregarSocioPublicador
INFO: Se ha registrado un nuevo socio/publicador con el nombre: Mauricio
may 17, 2024 4:52:07 P. M. co.uniquindio.plataforma.modelo.PlataformaServidor agregarNoticia
INFO: Se ha registrado una nueva noticia
may 17, 2024 5:27:36 P. M. co.uniquindio.plataforma.modelo.PlataformaServidor <init>
INFO: Se crea una nueva instancia de la Plataforma
may 17, 2024 5:29:04 P. M. co.uniquindio.plataforma.modelo.PlataformaServidor agregarCliente
INFO: Se ha registrado un nuevo cliente con el nombre: Alejandro
may 17, 2024 5:29:37 P. M. co.uniquindio.plataforma.modelo.PlataformaServidor agregarSocioPublicador
INFO: Se ha registrado un nuevo socio/publicador con el nombre: Mauricio
may 17, 2024 5:30:19 P. M. co.uniquindio.plataforma.modelo.PlataformaServidor agregarNoticia
INFO: Se ha registrado una nueva noticia
may 17, 2024 5:37:26 P. M. co.uniquindio.plataforma.modelo.PlataformaServidor <init>
INFO: Se crea una nueva instancia de la Plataforma
may 17, 2024 5:41:12 P. M. co.uniquindio.plataforma.modelo.PlataformaServidor <init>
INFO: Se crea una nueva instancia de la Plataforma
may 17, 2024 5:45:38 P. M. co.uniquindio.plataforma.modelo.PlataformaServidor <init>
INFO: Se crea una nueva instancia de la Plataforma
may 17, 2024 5:49:12 P. M. co.uniquindio.plataforma.modelo.PlataformaServidor <init>
INFO: Se crea una nueva instancia de la Plataforma
may 17, 2024 5:52:28 P. M. co.uniquindio.plataforma.modelo.PlataformaServidor <init>
INFO: Se crea una nueva instancia de la Plataforma
may 17, 2024 5:58:22 P. M. co.uniquindio.plataforma.modelo.PlataformaServidor <init>
INFO: Se crea una nueva instancia de la Plataforma
may 17, 2024 6:06:23 P. M. co.uniquindio.plataforma.modelo.PlataformaServidor <init>
INFO: Se crea una nueva instancia de la Plataforma
may 17, 2024 6:07:40 P. M. co.uniquindio.plataforma.modelo.PlataformaServidor agregarCliente
INFO: Se ha registrado un nuevo cliente con el nombre: Alejandro
may 17, 2024 6:07:56 P. M. co.uniquindio.plataforma.modelo.PlataformaServidor agregarSocioPublicador
INFO: Se ha registrado un nuevo socio/publicador con el nombre: Mauricio
may 17, 2024 6:08:36 P. M. co.uniquindio.plataforma.modelo.PlataformaServidor agregarNoticia
INFO: Se ha registrado una nueva noticia
may 17, 2024 6:11:01 P. M. co.uniquindio.plataforma.modelo.PlataformaServidor agregarNoticia
INFO: Se ha registrado una nueva noticia
may 25, 2024 5:54:12 P. M. co.uniquindio.plataforma.modelo.PlataformaServidor <init>
INFO: Se crea una nueva instancia de la Plataforma
may 25, 2024 5:58:18 P. M. co.uniquindio.plataforma.modelo.PlataformaServidor agregarCliente
INFO: Se ha registrado un nuevo cliente con el nombre: Mauricio Rios
may 25, 2024 5:58:39 P. M. co.uniquindio.plataforma.modelo.PlataformaServidor agregarSocioPublicador
INFO: Se ha registrado un nuevo socio/publicador con el nombre: Alejandro
may 25, 2024 6:47:52 P. M. co.uniquindio.plataforma.modelo.PlataformaServidor <init>
INFO: Se crea una nueva instancia de la Plataforma
may 25, 2024 6:51:40 P. M. co.uniquindio.plataforma.modelo.PlataformaServidor agregarNoticia
INFO: Se ha registrado una nueva noticia
may 25, 2024 7:00:29 P. M. co.uniquindio.plataforma.modelo.PlataformaServidor <init>
INFO: Se crea una nueva instancia de la Plataforma
may 25, 2024 7:03:25 P. M. co.uniquindio.plataforma.modelo.PlataformaServidor agregarNoticia
INFO: Se ha registrado una nueva noticia
may 25, 2024 7:12:19 P. M. co.uniquindio.plataforma.modelo.PlataformaServidor <init>
INFO: Se crea una nueva instancia de la Plataforma
may 25, 2024 7:14:01 P. M. co.uniquindio.plataforma.modelo.PlataformaServidor agregarSocioPublicador
INFO: Se ha registrado un nuevo socio/publicador con el nombre: Alejandro
may 25, 2024 7:14:34 P. M. co.uniquindio.plataforma.modelo.PlataformaServidor agregarNoticia
INFO: Se ha registrado una nueva noticia
may 25, 2024 7:24:39 P. M. co.uniquindio.plataforma.modelo.PlataformaServidor <init>
INFO: Se crea una nueva instancia de la Plataforma
may 25, 2024 7:28:36 P. M. co.uniquindio.plataforma.modelo.PlataformaServidor agregarSocioPublicador
INFO: Se ha registrado un nuevo socio/publicador con el nombre: Alejandro
may 25, 2024 7:29:04 P. M. co.uniquindio.plataforma.modelo.PlataformaServidor agregarNoticia
INFO: Se ha registrado una nueva noticia
may 25, 2024 7:48:02 P. M. co.uniquindio.plataforma.modelo.PlataformaServidor <init>
INFO: Se crea una nueva instancia de la Plataforma
may 25, 2024 7:54:12 P. M. co.uniquindio.plataforma.modelo.PlataformaServidor <init>
INFO: Se crea una nueva instancia de la Plataforma
may 25, 2024 7:56:26 P. M. co.uniquindio.plataforma.modelo.PlataformaServidor agregarNoticia
INFO: Se ha registrado una nueva noticia
may 25, 2024 8:00:32 P. M. co.uniquindio.plataforma.modelo.PlataformaServidor <init>
INFO: Se crea una nueva instancia de la Plataforma
may 25, 2024 8:02:23 P. M. co.uniquindio.plataforma.modelo.PlataformaServidor agregarNoticia
INFO: Se ha registrado una nueva noticia
may 25, 2024 8:06:22 P. M. co.uniquindio.plataforma.modelo.PlataformaServidor <init>
INFO: Se crea una nueva instancia de la Plataforma
may 25, 2024 8:13:10 P. M. co.uniquindio.plataforma.modelo.PlataformaServidor agregarSocioPublicador
INFO: Se ha registrado un nuevo socio/publicador con el nombre: Alejandro
may 25, 2024 8:13:48 P. M. co.uniquindio.plataforma.modelo.PlataformaServidor agregarNoticia
INFO: Se ha registrado una nueva noticia
may 25, 2024 8:19:57 P. M. co.uniquindio.plataforma.modelo.PlataformaServidor <init>
INFO: Se crea una nueva instancia de la Plataforma
may 25, 2024 8:22:33 P. M. co.uniquindio.plataforma.modelo.PlataformaServidor agregarSocioPublicador
INFO: Se ha registrado un nuevo socio/publicador con el nombre: Alejandro
may 25, 2024 8:23:08 P. M. co.uniquindio.plataforma.modelo.PlataformaServidor agregarNoticia
INFO: Se ha registrado una nueva noticia
may 25, 2024 9:44:01 P. M. co.uniquindio.plataforma.modelo.PlataformaServidor <init>
INFO: Se crea una nueva instancia de la Plataforma
may 25, 2024 9:47:21 P. M. co.uniquindio.plataforma.modelo.PlataformaServidor agregarSocioPublicador
INFO: Se ha registrado un nuevo socio/publicador con el nombre: Alejandro
may 25, 2024 9:48:46 P. M. co.uniquindio.plataforma.modelo.PlataformaServidor agregarNoticia
INFO: Se ha registrado una nueva noticia
may 25, 2024 9:53:49 P. M. co.uniquindio.plataforma.modelo.PlataformaServidor <init>
INFO: Se crea una nueva instancia de la Plataforma
may 25, 2024 10:05:55 P. M. co.uniquindio.plataforma.modelo.PlataformaServidor <init>
INFO: Se crea una nueva instancia de la Plataforma
may 25, 2024 10:07:00 P. M. co.uniquindio.plataforma.modelo.PlataformaServidor <init>
INFO: Se crea una nueva instancia de la Plataforma
may 25, 2024 10:08:10 P. M. co.uniquindio.plataforma.modelo.PlataformaServidor agregarSocioPublicador
INFO: Se ha registrado un nuevo socio/publicador con el nombre: Alejandro
may 25, 2024 10:08:39 P. M. co.uniquindio.plataforma.modelo.PlataformaServidor agregarNoticia
INFO: Se ha registrado una nueva noticia
may 25, 2024 10:12:27 P. M. co.uniquindio.plataforma.modelo.PlataformaServidor <init>
INFO: Se crea una nueva instancia de la Plataforma
may 25, 2024 10:13:35 P. M. co.uniquindio.plataforma.modelo.PlataformaServidor agregarNoticia
INFO: Se ha registrado una nueva noticia
may 25, 2024 10:23:00 P. M. co.uniquindio.plataforma.modelo.PlataformaServidor <init>
INFO: Se crea una nueva instancia de la Plataforma
may 25, 2024 10:25:59 P. M. co.uniquindio.plataforma.modelo.PlataformaServidor agregarSocioPublicador
INFO: Se ha registrado un nuevo socio/publicador con el nombre: Alejandro
may 25, 2024 10:26:52 P. M. co.uniquindio.plataforma.modelo.PlataformaServidor agregarNoticia
INFO: Se ha registrado una nueva noticia
may 25, 2024 10:45:01 P. M. co.uniquindio.plataforma.modelo.PlataformaServidor <init>
INFO: Se crea una nueva instancia de la Plataforma
may 26, 2024 8:55:27 A. M. co.uniquindio.plataforma.modelo.PlataformaServidor <init>
INFO: Se crea una nueva instancia de la Plataforma
may 26, 2024 8:57:33 A. M. co.uniquindio.plataforma.modelo.PlataformaServidor agregarSocioPublicador
INFO: Se ha registrado un nuevo socio/publicador con el nombre: Alejandro
may 26, 2024 9:00:10 A. M. co.uniquindio.plataforma.modelo.PlataformaServidor agregarNoticia
INFO: Se ha registrado una nueva noticia
may 26, 2024 9:15:14 A. M. co.uniquindio.plataforma.modelo.PlataformaServidor <init>
INFO: Se crea una nueva instancia de la Plataforma
may 26, 2024 9:20:15 A. M. co.uniquindio.plataforma.modelo.PlataformaServidor agregarSocioPublicador
INFO: Se ha registrado un nuevo socio/publicador con el nombre: Alejandro
may 26, 2024 9:20:59 A. M. co.uniquindio.plataforma.modelo.PlataformaServidor agregarNoticia
INFO: Se ha registrado una nueva noticia
may 26, 2024 9:24:57 A. M. co.uniquindio.plataforma.modelo.PlataformaServidor <init>
INFO: Se crea una nueva instancia de la Plataforma
may 26, 2024 9:26:27 A. M. co.uniquindio.plataforma.modelo.PlataformaServidor agregarSocioPublicador
INFO: Se ha registrado un nuevo socio/publicador con el nombre: Alejandro
may 26, 2024 9:28:01 A. M. co.uniquindio.plataforma.modelo.PlataformaServidor agregarNoticia
INFO: Se ha registrado una nueva noticia
may 26, 2024 9:39:26 A. M. co.uniquindio.plataforma.modelo.PlataformaServidor <init>
INFO: Se crea una nueva instancia de la Plataforma
may 26, 2024 9:43:41 A. M. co.uniquindio.plataforma.modelo.PlataformaServidor agregarSocioPublicador
INFO: Se ha registrado un nuevo socio/publicador con el nombre: Alejandro
may 26, 2024 9:44:25 A. M. co.uniquindio.plataforma.modelo.PlataformaServidor agregarNoticia
INFO: Se ha registrado una nueva noticia
may 26, 2024 9:57:28 A. M. co.uniquindio.plataforma.modelo.PlataformaServidor <init>
INFO: Se crea una nueva instancia de la Plataforma
may 26, 2024 9:57:59 A. M. co.uniquindio.plataforma.modelo.PlataformaServidor <init>
INFO: Se crea una nueva instancia de la Plataforma
may 26, 2024 10:01:00 A. M. co.uniquindio.plataforma.modelo.PlataformaServidor <init>
INFO: Se crea una nueva instancia de la Plataforma
may 26, 2024 10:01:00 A. M. co.uniquindio.plataforma.modelo.PlataformaServidor leerNoticias
SEVERE: El archivo está vacío: src/main/resources/persistencia/noticias.txt
may 26, 2024 10:01:00 A. M. co.uniquindio.plataforma.modelo.PlataformaServidor leerSociosPublicadores
SEVERE: El archivo está vacío: src/main/resources/persistencia/sociosPublicadores.txt
may 26, 2024 10:03:02 A. M. co.uniquindio.plataforma.modelo.PlataformaServidor agregarSocioPublicador
INFO: Se ha registrado un nuevo socio/publicador con el nombre: Alejandro
may 26, 2024 10:03:27 A. M. co.uniquindio.plataforma.modelo.PlataformaServidor agregarNoticia
INFO: Se ha registrado una nueva noticia
may 26, 2024 10:19:15 A. M. co.uniquindio.plataforma.modelo.PlataformaServidor <init>
INFO: Se crea una nueva instancia de la Plataforma
may 26, 2024 10:19:16 A. M. co.uniquindio.plataforma.modelo.PlataformaServidor leerNoticias
SEVERE: El archivo está vacío: src/main/resources/persistencia/noticias.txt
may 26, 2024 10:19:16 A. M. co.uniquindio.plataforma.modelo.PlataformaServidor leerSociosPublicadores
SEVERE: El archivo está vacío: src/main/resources/persistencia/sociosPublicadores.txt
may 26, 2024 10:21:58 A. M. co.uniquindio.plataforma.modelo.PlataformaServidor agregarSocioPublicador
INFO: Se ha registrado un nuevo socio/publicador con el nombre: Alejandro
may 26, 2024 10:23:38 A. M. co.uniquindio.plataforma.modelo.PlataformaServidor agregarNoticia
INFO: Se ha registrado una nueva noticia
may 26, 2024 10:28:01 A. M. co.uniquindio.plataforma.modelo.PlataformaServidor <init>
INFO: Se crea una nueva instancia de la Plataforma
may 26, 2024 11:12:24 A. M. co.uniquindio.plataforma.modelo.PlataformaServidor <init>
INFO: Se crea una nueva instancia de la Plataforma
may 26, 2024 11:20:19 A. M. co.uniquindio.plataforma.modelo.PlataformaServidor <init>
INFO: Se crea una nueva instancia de la Plataforma
may 26, 2024 11:20:20 A. M. co.uniquindio.plataforma.modelo.PlataformaServidor leerNoticias
SEVERE: El archivo está vacío: src/main/resources/persistencia/noticias.txt
may 26, 2024 11:20:20 A. M. co.uniquindio.plataforma.modelo.PlataformaServidor leerSociosPublicadores
SEVERE: El archivo está vacío: src/main/resources/persistencia/sociosPublicadores.txt
may 26, 2024 11:21:50 A. M. co.uniquindio.plataforma.modelo.PlataformaServidor agregarSocioPublicador
INFO: Se ha registrado un nuevo socio/publicador con el nombre: Alejandro
may 26, 2024 11:22:13 A. M. co.uniquindio.plataforma.modelo.PlataformaServidor agregarNoticia
INFO: Se ha registrado una nueva noticia
may 26, 2024 11:28:02 A. M. co.uniquindio.plataforma.modelo.PlataformaServidor <init>
INFO: Se crea una nueva instancia de la Plataforma
may 26, 2024 11:28:03 A. M. co.uniquindio.plataforma.modelo.PlataformaServidor leerNoticias
SEVERE: El archivo está vacío: src/main/resources/persistencia/noticias.txt
may 26, 2024 11:28:03 A. M. co.uniquindio.plataforma.modelo.PlataformaServidor leerSociosPublicadores
SEVERE: El archivo está vacío: src/main/resources/persistencia/sociosPublicadores.txt
may 26, 2024 11:29:22 A. M. co.uniquindio.plataforma.modelo.PlataformaServidor agregarSocioPublicador
INFO: Se ha registrado un nuevo socio/publicador con el nombre: Alejandro
may 26, 2024 11:29:52 A. M. co.uniquindio.plataforma.modelo.PlataformaServidor agregarNoticia
INFO: Se ha registrado una nueva noticia
may 26, 2024 11:38:21 A. M. co.uniquindio.plataforma.modelo.PlataformaServidor <init>
INFO: Se crea una nueva instancia de la Plataforma
may 26, 2024 11:39:32 A. M. co.uniquindio.plataforma.modelo.PlataformaServidor <init>
INFO: Se crea una nueva instancia de la Plataforma
may 26, 2024 11:39:32 A. M. co.uniquindio.plataforma.modelo.PlataformaServidor leerNoticias
SEVERE: El archivo está vacío: src/main/resources/persistencia/noticias.txt
may 26, 2024 11:39:32 A. M. co.uniquindio.plataforma.modelo.PlataformaServidor leerSociosPublicadores
SEVERE: El archivo está vacío: src/main/resources/persistencia/sociosPublicadores.txt
may 26, 2024 11:43:00 A. M. co.uniquindio.plataforma.modelo.PlataformaServidor <init>
INFO: Se crea una nueva instancia de la Plataforma
may 26, 2024 11:43:00 A. M. co.uniquindio.plataforma.modelo.PlataformaServidor leerNoticias
SEVERE: El archivo está vacío: src/main/resources/persistencia/noticias.txt
may 26, 2024 11:43:00 A. M. co.uniquindio.plataforma.modelo.PlataformaServidor leerSociosPublicadores
SEVERE: El archivo está vacío: src/main/resources/persistencia/sociosPublicadores.txt
may 26, 2024 11:43:02 A. M. co.uniquindio.plataforma.modelo.PlataformaServidor agregarSocioPublicador
INFO: Se ha registrado un nuevo socio/publicador con el nombre: Alejandro
may 26, 2024 11:44:04 A. M. co.uniquindio.plataforma.modelo.PlataformaServidor agregarNoticia
INFO: Se ha registrado una nueva noticia
may 26, 2024 11:47:44 A. M. co.uniquindio.plataforma.modelo.PlataformaServidor <init>
INFO: Se crea una nueva instancia de la Plataforma
may 26, 2024 11:48:37 A. M. co.uniquindio.plataforma.modelo.PlataformaServidor <init>
INFO: Se crea una nueva instancia de la Plataforma
may 26, 2024 11:54:03 A. M. co.uniquindio.plataforma.modelo.PlataformaServidor <init>
INFO: Se crea una nueva instancia de la Plataforma
may 26, 2024 11:55:20 A. M. co.uniquindio.plataforma.modelo.PlataformaServidor <init>
INFO: Se crea una nueva instancia de la Plataforma
may 26, 2024 11:55:21 A. M. co.uniquindio.plataforma.modelo.PlataformaServidor agregarSocioPublicador
INFO: Se ha registrado un nuevo socio/publicador con el nombre: Juan
may 26, 2024 11:55:49 A. M. co.uniquindio.plataforma.modelo.PlataformaServidor agregarNoticia
INFO: Se ha registrado una nueva noticia
may 26, 2024 12:08:34 P. M. co.uniquindio.plataforma.modelo.PlataformaServidor <init>
INFO: Se crea una nueva instancia de la Plataforma
may 26, 2024 12:08:35 P. M. co.uniquindio.plataforma.modelo.PlataformaServidor leerCliente
SEVERE: El archivo está vacío: src/main/resources/persistencia/clientes.txt
may 26, 2024 12:08:35 P. M. co.uniquindio.plataforma.modelo.PlataformaServidor leerNoticias
SEVERE: El archivo está vacío: src/main/resources/persistencia/noticias.txt
may 26, 2024 12:08:35 P. M. co.uniquindio.plataforma.modelo.PlataformaServidor leerSociosPublicadores
SEVERE: El archivo está vacío: src/main/resources/persistencia/sociosPublicadores.txt
may 26, 2024 12:11:53 P. M. co.uniquindio.plataforma.modelo.PlataformaServidor <init>
INFO: Se crea una nueva instancia de la Plataforma
may 26, 2024 12:11:53 P. M. co.uniquindio.plataforma.modelo.PlataformaServidor leerCliente
SEVERE: El archivo está vacío: src/main/resources/persistencia/clientes.txt
may 26, 2024 12:11:54 P. M. co.uniquindio.plataforma.modelo.PlataformaServidor leerNoticias
SEVERE: El archivo está vacío: src/main/resources/persistencia/noticias.txt
may 26, 2024 12:11:54 P. M. co.uniquindio.plataforma.modelo.PlataformaServidor leerSociosPublicadores
SEVERE: El archivo está vacío: src/main/resources/persistencia/sociosPublicadores.txt
may 26, 2024 12:11:55 P. M. co.uniquindio.plataforma.modelo.PlataformaServidor agregarCliente
INFO: Se ha registrado un nuevo cliente con el nombre: Alejandro
may 26, 2024 12:12:05 P. M. co.uniquindio.plataforma.modelo.PlataformaServidor agregarCliente
INFO: Se ha registrado un nuevo cliente con el nombre: Juan
may 26, 2024 12:12:38 P. M. co.uniquindio.plataforma.modelo.PlataformaServidor agregarSocioPublicador
INFO: Se ha registrado un nuevo socio/publicador con el nombre: Mauricio
may 26, 2024 12:12:48 P. M. co.uniquindio.plataforma.modelo.PlataformaServidor agregarSocioPublicador
INFO: Se ha registrado un nuevo socio/publicador con el nombre: Ana
may 26, 2024 12:13:27 P. M. co.uniquindio.plataforma.modelo.PlataformaServidor agregarNoticia
INFO: Se ha registrado una nueva noticia
may 26, 2024 12:27:06 P. M. co.uniquindio.plataforma.modelo.PlataformaServidor <init>
INFO: Se crea una nueva instancia de la Plataforma
may 26, 2024 12:27:07 P. M. co.uniquindio.plataforma.modelo.PlataformaServidor leerNoticias
SEVERE: El archivo está vacío: src/main/resources/persistencia/noticias.txt
may 26, 2024 12:27:07 P. M. co.uniquindio.plataforma.modelo.PlataformaServidor leerSociosPublicadores
SEVERE: El archivo XML está vacío o no contiene un objeto válido: src/main/resources/persistencia/sociosPublicadores.txt
may 26, 2024 12:30:07 P. M. co.uniquindio.plataforma.modelo.PlataformaServidor <init>
INFO: Se crea una nueva instancia de la Plataforma
may 26, 2024 12:30:07 P. M. co.uniquindio.plataforma.modelo.PlataformaServidor leerNoticias
SEVERE: El archivo está vacío: src/main/resources/persistencia/noticias.txt
may 26, 2024 12:30:07 P. M. co.uniquindio.plataforma.modelo.PlataformaServidor leerSociosPublicadores
SEVERE: El archivo XML está vacío o no contiene un objeto válido: src/main/resources/persistencia/sociosPublicadores.txt
may 26, 2024 12:30:42 P. M. co.uniquindio.plataforma.modelo.PlataformaServidor agregarSocioPublicador
INFO: Se ha registrado un nuevo socio/publicador con el nombre: Mauricio
may 26, 2024 12:30:50 P. M. co.uniquindio.plataforma.modelo.PlataformaServidor agregarSocioPublicador
INFO: Se ha registrado un nuevo socio/publicador con el nombre: Ana
may 26, 2024 12:31:19 P. M. co.uniquindio.plataforma.modelo.PlataformaServidor agregarNoticia
INFO: Se ha registrado una nueva noticia
may 26, 2024 12:35:53 P. M. co.uniquindio.plataforma.modelo.PlataformaServidor <init>
INFO: Se crea una nueva instancia de la Plataforma
may 26, 2024 12:36:59 P. M. co.uniquindio.plataforma.modelo.PlataformaServidor <init>
INFO: Se crea una nueva instancia de la Plataforma
may 26, 2024 12:38:49 P. M. co.uniquindio.plataforma.modelo.PlataformaServidor <init>
INFO: Se crea una nueva instancia de la Plataforma
may 26, 2024 12:38:49 P. M. co.uniquindio.plataforma.modelo.PlataformaServidor leerNoticias
SEVERE: El archivo está vacío: src/main/resources/persistencia/noticias.txt
may 26, 2024 12:38:49 P. M. co.uniquindio.plataforma.modelo.PlataformaServidor leerSociosPublicadores
SEVERE: El archivo está vacío: src/main/resources/persistencia/sociosPublicadores.txt
may 26, 2024 12:40:11 P. M. co.uniquindio.plataforma.modelo.PlataformaServidor <init>
INFO: Se crea una nueva instancia de la Plataforma
may 26, 2024 12:40:11 P. M. co.uniquindio.plataforma.modelo.PlataformaServidor leerNoticias
SEVERE: El archivo está vacío: src/main/resources/persistencia/noticias.txt
may 26, 2024 12:40:11 P. M. co.uniquindio.plataforma.modelo.PlataformaServidor leerSociosPublicadores
SEVERE: El archivo está vacío: src/main/resources/persistencia/sociosPublicadores.txt
may 26, 2024 12:40:12 P. M. co.uniquindio.plataforma.modelo.PlataformaServidor agregarSocioPublicador
INFO: Se ha registrado un nuevo socio/publicador con el nombre: Mauricio
may 26, 2024 12:40:21 P. M. co.uniquindio.plataforma.modelo.PlataformaServidor agregarSocioPublicador
INFO: Se ha registrado un nuevo socio/publicador con el nombre: Ana
may 26, 2024 12:40:47 P. M. co.uniquindio.plataforma.modelo.PlataformaServidor agregarNoticia
INFO: Se ha registrado una nueva noticia
may 26, 2024 12:47:00 P. M. co.uniquindio.plataforma.modelo.PlataformaServidor <init>
INFO: Se crea una nueva instancia de la Plataforma
may 26, 2024 12:47:01 P. M. co.uniquindio.plataforma.modelo.PlataformaServidor leerNoticias
SEVERE: El archivo está vacío: src/main/resources/persistencia/noticias.txt
may 26, 2024 12:47:01 P. M. co.uniquindio.plataforma.modelo.PlataformaServidor leerSociosPublicadores
SEVERE: El archivo está vacío: src/main/resources/persistencia/sociosPublicadores.txt
may 26, 2024 12:48:01 P. M. co.uniquindio.plataforma.modelo.PlataformaServidor <init>
INFO: Se crea una nueva instancia de la Plataforma
may 26, 2024 12:48:01 P. M. co.uniquindio.plataforma.modelo.PlataformaServidor leerNoticias
SEVERE: El archivo está vacío: src/main/resources/persistencia/noticias.txt
may 26, 2024 12:48:01 P. M. co.uniquindio.plataforma.modelo.PlataformaServidor leerSociosPublicadores
SEVERE: El archivo está vacío: src/main/resources/persistencia/sociosPublicadores.txt
may 26, 2024 12:48:02 P. M. co.uniquindio.plataforma.modelo.PlataformaServidor agregarSocioPublicador
INFO: Se ha registrado un nuevo socio/publicador con el nombre: Mauricio
may 26, 2024 12:48:09 P. M. co.uniquindio.plataforma.modelo.PlataformaServidor agregarSocioPublicador
INFO: Se ha registrado un nuevo socio/publicador con el nombre: Ana
may 26, 2024 12:48:31 P. M. co.uniquindio.plataforma.modelo.PlataformaServidor agregarNoticia
INFO: Se ha registrado una nueva noticia
may 26, 2024 12:51:02 P. M. co.uniquindio.plataforma.modelo.PlataformaServidor agregarNoticia
INFO: Se ha registrado una nueva noticia
may 26, 2024 12:59:03 P. M. co.uniquindio.plataforma.modelo.PlataformaServidor <init>
INFO: Se crea una nueva instancia de la Plataforma
may 26, 2024 1:00:26 P. M. co.uniquindio.plataforma.modelo.PlataformaServidor <init>
INFO: Se crea una nueva instancia de la Plataforma
may 26, 2024 1:01:12 P. M. co.uniquindio.plataforma.modelo.PlataformaServidor agregarNoticia
INFO: Se ha registrado una nueva noticia
may 26, 2024 1:05:37 P. M. co.uniquindio.plataforma.modelo.PlataformaServidor <init>
INFO: Se crea una nueva instancia de la Plataforma
may 26, 2024 1:06:35 P. M. co.uniquindio.plataforma.modelo.PlataformaServidor <init>
INFO: Se crea una nueva instancia de la Plataforma
may 26, 2024 1:10:43 P. M. co.uniquindio.plataforma.modelo.PlataformaServidor <init>
INFO: Se crea una nueva instancia de la Plataforma
may 26, 2024 1:11:20 P. M. co.uniquindio.plataforma.modelo.PlataformaServidor <init>
INFO: Se crea una nueva instancia de la Plataforma
